<?xml version="1.0" encoding="UTF-8"?>
<!-- Generated by org.testng.reporters.JUnitXMLReporter -->
<testsuite ignored="0" hostname="Phani" failures="0" tests="3" name="Test" time="16.38" errors="0" timestamp="2023-05-31T13:01:03 EDT">
  <testcase classname="tests.NewTours" name="executSessionThree" time="5.068"/>
  <testcase classname="tests.NewTours" name="executSessionOne" time="7.937"/>
  <testcase classname="tests.NewTours" name="executeSessionTwo" time="14.686"/>
</testsuite> <!-- Test -->
