<?xml version="1.0" encoding="UTF-8"?>
<testng-results ignored="0" total="1" passed="1" failed="0" skipped="0">
  <reporter-output>
  </reporter-output>
  <suite started-at="2023-06-01T23:07:18 EDT" name="Default suite" finished-at="2023-06-01T23:07:37 EDT" duration-ms="19176">
    <groups>
    </groups>
    <test started-at="2023-06-01T23:07:18 EDT" name="Default test" finished-at="2023-06-01T23:07:37 EDT" duration-ms="19176">
      <class name="com.datadriven.test.DataDrivenTest">
        <test-method signature="test1()[pri:0, instance:com.datadriven.test.DataDrivenTest@5ab9e72c]" started-at="2023-06-01T23:07:18 EDT" name="test1" finished-at="2023-06-01T23:07:37 EDT" duration-ms="19128" status="PASS">
          <reporter-output>
          </reporter-output>
        </test-method> <!-- test1 -->
      </class> <!-- com.datadriven.test.DataDrivenTest -->
    </test> <!-- Default test -->
  </suite> <!-- Default suite -->
</testng-results>
