<?xml version="1.0" encoding="UTF-8"?>
<!-- Generated by org.testng.reporters.JUnitXMLReporter -->
<testsuite ignored="0" hostname="Phani" failures="0" tests="3" name="Test1" time="5.939" errors="0" timestamp="2023-05-31T15:36:13 EDT">
  <testcase classname="tests.NewTours" name="executSessionOne" time="2.794"/>
  <testcase classname="tests.NewTours" name="executeSessionTwo" time="0.595"/>
  <testcase classname="tests.NewTours" name="executSessionThree" time="0.556"/>
</testsuite> <!-- Test1 -->
